>>> Warning 203 "H:\Dropbox\Working\tram 220kv\RTU\chuong trinh 18F6723_20input\real_time_ds1307.c" Line 83(1,1): Condition always TRUE
>>> Warning 204 "H:\Dropbox\Working\tram 220kv\RTU\chuong trinh 18F6723_20input\MMC_SPI_FAT32.c" Line 354(1,1): Condition always FALSE
>>> Warning 204 "H:\Dropbox\Working\tram 220kv\RTU\chuong trinh 18F6723_20input\MMC_SPI_FAT32.c" Line 462(1,1): Condition always FALSE
>>> Warning 204 "H:\Dropbox\Working\tram 220kv\RTU\chuong trinh 18F6723_20input\MMC_SPI_FAT32.c" Line 524(1,1): Condition always FALSE
>>> Warning 204 "H:\Dropbox\Working\tram 220kv\RTU\chuong trinh 18F6723_20input\MMC_SPI_FAT32.c" Line 1235(1,1): Condition always FALSE
>>> Warning 203 "RTU.c" Line 235(1,1): Condition always TRUE
>>> Warning 216 "RTU.c" Line 238(1,2): Interrupts disabled during call to prevent re-entrancy:  (lcd_send_byte)
>>> Warning 216 "RTU.c" Line 238(1,2): Interrupts disabled during call to prevent re-entrancy:  (@delay_ms1)
>>> Warning 216 "RTU.c" Line 238(1,2): Interrupts disabled during call to prevent re-entrancy:  (lcd_send_nibble)
>>> Warning 216 "RTU.c" Line 238(1,2): Interrupts disabled during call to prevent re-entrancy:  (lcd_gotoxy)
>>> Warning 216 "RTU.c" Line 238(1,2): Interrupts disabled during call to prevent re-entrancy:  (@PSTRINGC_1318)
>>> Warning 216 "RTU.c" Line 238(1,2): Interrupts disabled during call to prevent re-entrancy:  (@MUL1616)
>>> Warning 216 "RTU.c" Line 238(1,2): Interrupts disabled during call to prevent re-entrancy:  (@WRITEBITA)
>>> Warning 216 "RTU.c" Line 238(1,2): Interrupts disabled during call to prevent re-entrancy:  (@I2C_WRITE_1)
>>> Warning 216 "RTU.c" Line 238(1,2): Interrupts disabled during call to prevent re-entrancy:  (@I2C_READ_1)
>>> Warning 216 "RTU.c" Line 238(1,2): Interrupts disabled during call to prevent re-entrancy:  (bcd2bin)
>>> Warning 216 "RTU.c" Line 238(1,2): Interrupts disabled during call to prevent re-entrancy:  (bin2bcd)
>>> Warning 216 "RTU.c" Line 238(1,2): Interrupts disabled during call to prevent re-entrancy:  (output_alarm)
>>> Warning 202 "H:\Dropbox\Working\tram 220kv\RTU\chuong trinh 18F6723_20input\RTU.h" Line 26(8,17): Variable never used:   gfilename
>>> Warning 202 "H:\Dropbox\Working\tram 220kv\RTU\chuong trinh 18F6723_20input\RTU.h" Line 26(22,25): Variable never used:   msg
      Memory usage:   ROM=88%      RAM=51% - 54%
      0 Errors,  20 Warnings.
Build Successful.
